#
# A fatal error has been detected by the Java Runtime Environment:
#
#  SIGSEGV (0xb) at pc=0x00007fca59c4e880, pid=7477, tid=140507077351168
#
# JRE version: Java(TM) SE Runtime Environment (8.0_45-b14) (build 1.8.0_45-b14)
# Java VM: Java HotSpot(TM) 64-Bit Server VM (25.45-b02 mixed mode linux-amd64 compressed oops)
# Problematic frame:
# C  [libc.so.6+0x152880]
#
# Failed to write core dump. Core dumps have been disabled. To enable core dumping, try "ulimit -c unlimited" before starting Java again
#
# If you would like to submit a bug report, please visit:
#   http://bugreport.java.com/bugreport/crash.jsp
# The crash happened outside the Java Virtual Machine in native code.
# See problematic frame for where to report the bug.
#

---------------  T H R E A D  ---------------

Current thread (0x00007fca5400a000):  JavaThread "ScalaTest-main-running-KDropSC_spec" [_thread_in_native, id=7480, stack(0x00007fca5a5f1000,0x00007fca5a6f2000)]

siginfo: si_signo: 11 (SIGSEGV), si_code: 1 (SEGV_MAPERR), si_addr: 0x0000000000000025

Registers:
RAX=0x00007fca547aa6d0, RBX=0x0000000000000020, RCX=0x0000000000000008, RDX=0x00007fca59c4e880
RSP=0x00007fca5a6ede68, RBP=0x0000000000000005, RSI=0x0000000000000025, RDI=0x00007fca547aa6d0
R8 =0x00007fca545cf240, R9 =0x0000000000000025, R10=0x0000000000000000, R11=0x00007fca59c83a30
R12=0x00007fca545cf240, R13=0x0000000000000140, R14=0x00007fca545d0540, R15=0x000000000000ffff
RIP=0x00007fca59c4e880, EFLAGS=0x0000000000010287, CSGSFS=0x0000000000000033, ERR=0x0000000000000004
  TRAPNO=0x000000000000000e

Top of Stack: (sp=0x00007fca5a6ede68)
0x00007fca5a6ede68:   00007fca383b0f59 00007fca545cf240
0x00007fca5a6ede78:   00007fca382d7687 0000000000000000
0x00007fca5a6ede88:   00007fca54620af0 0000000100000001
0x00007fca5a6ede98:   0000ffff00000001 00007fca5a6edf38
0x00007fca5a6edea8:   0000000000000010 0000000000000010
0x00007fca5a6edeb8:   0000000000000190 00007fca545cf240
0x00007fca5a6edec8:   0000000000000010 0000000000000010
0x00007fca5a6eded8:   0000000000000001 0000000000000001
0x00007fca5a6edee8:   00007fca382d7855 00007fca00000010
0x00007fca5a6edef8:   00007fca00000001 0000000000000000
0x00007fca5a6edf08:   00007fca54620af0 00007fca545d0540
0x00007fca5a6edf18:   0000000000000000 000000015a6edf50
0x00007fca5a6edf28:   00007fca5920ac67 00007fca54620af0
0x00007fca5a6edf38:   00007fca547a2a70 00007fca547a2a70
0x00007fca5a6edf48:   0000000000000010 0000000000000010
0x00007fca5a6edf58:   0000000000000001 0000000000000001
0x00007fca5a6edf68:   0000000000000001 00007fca545cf240
0x00007fca5a6edf78:   00007fca382b3fec 0000000700000001
0x00007fca5a6edf88:   00007fca00000000 0000000000000000
0x00007fca5a6edf98:   00007fca545d0540 0000000000000000
0x00007fca5a6edfa8:   00007fca540819d0 00007fca545d0540
0x00007fca5a6edfb8:   0000000000000005 00007fca54081948
0x00007fca5a6edfc8:   000000055a6ee268 00007fca5400a000
0x00007fca5a6edfd8:   00007fca545cb770 00007fca5a6ee010
0x00007fca5a6edfe8:   00007fca3936ef0f 00007fca5a6ee010
0x00007fca5a6edff8:   00007fca545cb770 00007fca5a6ee220
0x00007fca5a6ee008:   00007fca5400a1f8 00007fca5a6ee0a0
0x00007fca5a6ee018:   00007fca3936f08e 00007fca5a6ee220
0x00007fca5a6ee028:   00007fca5400a1f8 00007fca5a6ee048
0x00007fca5a6ee038:   00007fca5a6ee098 00007fca445b09d0
0x00007fca5a6ee048:   00007fca3936dc03 000000071b72c6a0
0x00007fca5a6ee058:   0000000000000042 00007fca5a6ee268 

Instructions: (pc=0x00007fca59c4e880)
0x00007fca59c4e860:   18 f3 0f 7f 47 18 f2 0f f0 46 08 f2 0f f0 0e f3
0x00007fca59c4e870:   0f 7f 47 08 f3 0f 7f 0f c3 0f 1f 80 00 00 00 00
0x00007fca59c4e880:   48 8b 16 48 89 17 c3 66 0f 1f 84 00 00 00 00 00
0x00007fca59c4e890:   f2 0f f0 46 77 f3 0f 7f 47 77 f2 0f f0 46 67 f3 

Register to memory mapping:

RAX=0x00007fca547aa6d0 is an unknown value
RBX=0x0000000000000020 is an unknown value
RCX=0x0000000000000008 is an unknown value
RDX=0x00007fca59c4e880: <offset 0x152880> in /lib/x86_64-linux-gnu/libc.so.6 at 0x00007fca59afc000
RSP=0x00007fca5a6ede68 is pointing into the stack for thread: 0x00007fca5400a000
RBP=0x0000000000000005 is an unknown value
RSI=0x0000000000000025 is an unknown value
RDI=0x00007fca547aa6d0 is an unknown value
R8 =0x00007fca545cf240 is an unknown value
R9 =0x0000000000000025 is an unknown value
R10=0x0000000000000000 is an unknown value
R11=0x00007fca59c83a30: <offset 0x187a30> in /lib/x86_64-linux-gnu/libc.so.6 at 0x00007fca59afc000
R12=0x00007fca545cf240 is an unknown value
R13=0x0000000000000140 is an unknown value
R14=0x00007fca545d0540 is an unknown value
R15=0x000000000000ffff is an unknown value


Stack: [0x00007fca5a5f1000,0x00007fca5a6f2000],  sp=0x00007fca5a6ede68,  free space=1011k
Native frames: (J=compiled Java code, j=interpreted, Vv=VM code, C=native code)
C  [libc.so.6+0x152880]

Java frames: (J=compiled Java code, j=interpreted, Vv=VM code)
j  jcuda.driver.JCudaDriver.cuLaunchKernelNative(Ljcuda/driver/CUfunction;IIIIIIILjcuda/driver/CUstream;Ljcuda/Pointer;Ljcuda/Pointer;)I+0
j  jcuda.driver.JCudaDriver.cuLaunchKernel(Ljcuda/driver/CUfunction;IIIIIIILjcuda/driver/CUstream;Ljcuda/Pointer;Ljcuda/Pointer;)I+18
j  dev.TestCuda$.NeuralNetTrain()[F+277
j  dev.KDropSC_spec$$anonfun$5.apply$mcV$sp()V+3
j  dev.KDropSC_spec$$anonfun$5.apply()V+1
j  dev.KDropSC_spec$$anonfun$5.apply()Ljava/lang/Object;+1
j  org.scalatest.FlatSpecRegistration$class.transformToOutcomeParam$1(Lorg/scalatest/FlatSpecRegistration;Lscala/Function0;)Ljava/lang/Object;+1
j  org.scalatest.FlatSpecRegistration$$anonfun$org$scalatest$FlatSpecRegistration$$registerTestToRun$1.apply()Ljava/lang/Object;+8
j  org.scalatest.TestRegistration$$anonfun$transformToOutcome$1$$anonfun$apply$1.apply$mcV$sp()V+7
j  org.scalatest.OutcomeOf$class.outcomeOf(Lorg/scalatest/OutcomeOf;Lscala/Function0;)Lorg/scalatest/Outcome;+1
j  org.scalatest.OutcomeOf$.outcomeOf(Lscala/Function0;)Lorg/scalatest/Outcome;+2
j  org.scalatest.TestRegistration$$anonfun$transformToOutcome$1.apply()Lorg/scalatest/PastOutcome;+15
j  org.scalatest.TestRegistration$$anonfun$transformToOutcome$1.apply()Ljava/lang/Object;+1
j  org.scalatest.FlatSpecRegistration$$anon$1.apply()Lorg/scalatest/Outcome;+10
j  org.scalatest.Suite$class.withFixture(Lorg/scalatest/Suite;Lorg/scalatest/Suite$NoArgTest;)Lorg/scalatest/Outcome;+1
j  org.scalatest.FlatSpec.withFixture(Lorg/scalatest/Suite$NoArgTest;)Lorg/scalatest/Outcome;+2
j  org.scalatest.FlatSpecRegistration$class.invokeWithFixture$1(Lorg/scalatest/FlatSpecRegistration;Lorg/scalatest/SuperEngine$TestLeaf;Ljava/lang/String;Lorg/scalatest/Args;)Lorg/scalatest/AsyncOutcome;+33
j  org.scalatest.FlatSpecRegistration$$anonfun$runTest$1.apply(Lorg/scalatest/SuperEngine$TestLeaf;)Lorg/scalatest/AsyncOutcome;+13
j  org.scalatest.FlatSpecRegistration$$anonfun$runTest$1.apply(Ljava/lang/Object;)Ljava/lang/Object;+5
j  org.scalatest.SuperEngine.runTestImpl(Lorg/scalatest/Suite;Ljava/lang/String;Lorg/scalatest/Args;ZLscala/Function1;)Lorg/scalatest/Status;+407
j  org.scalatest.FlatSpecRegistration$class.runTest(Lorg/scalatest/FlatSpecRegistration;Ljava/lang/String;Lorg/scalatest/Args;)Lorg/scalatest/Status;+20
j  org.scalatest.FlatSpec.runTest(Ljava/lang/String;Lorg/scalatest/Args;)Lorg/scalatest/Status;+3
j  org.scalatest.FlatSpecRegistration$$anonfun$runTests$1.apply(Ljava/lang/String;Lorg/scalatest/Args;)Lorg/scalatest/Status;+6
j  org.scalatest.FlatSpecRegistration$$anonfun$runTests$1.apply(Ljava/lang/Object;Ljava/lang/Object;)Ljava/lang/Object;+9
j  org.scalatest.SuperEngine$$anonfun$traverseSubNodes$1$1.apply(Lorg/scalatest/SuperEngine$Node;)Ljava/lang/Object;+254
j  org.scalatest.SuperEngine$$anonfun$traverseSubNodes$1$1.apply(Ljava/lang/Object;)Ljava/lang/Object;+5
j  scala.collection.immutable.List.foreach(Lscala/Function1;)V+15
j  org.scalatest.SuperEngine.traverseSubNodes$1(Lorg/scalatest/Suite;Lorg/scalatest/SuperEngine$Branch;Lorg/scalatest/Args;ZLscala/Function2;Lscala/collection/mutable/ListBuffer;)V+24
j  org.scalatest.SuperEngine.org$scalatest$SuperEngine$$runTestsInBranch(Lorg/scalatest/Suite;Lorg/scalatest/SuperEngine$Branch;Lorg/scalatest/Args;ZLscala/Function2;)Lorg/scalatest/Status;+97
j  org.scalatest.SuperEngine$$anonfun$traverseSubNodes$1$1.apply(Lorg/scalatest/SuperEngine$Node;)Ljava/lang/Object;+647
j  org.scalatest.SuperEngine$$anonfun$traverseSubNodes$1$1.apply(Ljava/lang/Object;)Ljava/lang/Object;+5
j  scala.collection.immutable.List.foreach(Lscala/Function1;)V+15
j  org.scalatest.SuperEngine.traverseSubNodes$1(Lorg/scalatest/Suite;Lorg/scalatest/SuperEngine$Branch;Lorg/scalatest/Args;ZLscala/Function2;Lscala/collection/mutable/ListBuffer;)V+24
j  org.scalatest.SuperEngine.org$scalatest$SuperEngine$$runTestsInBranch(Lorg/scalatest/Suite;Lorg/scalatest/SuperEngine$Branch;Lorg/scalatest/Args;ZLscala/Function2;)Lorg/scalatest/Status;+188
j  org.scalatest.SuperEngine.runTestsImpl(Lorg/scalatest/Suite;Lscala/Option;Lorg/scalatest/Args;Lorg/scalatest/Informer;ZLscala/Function2;)Lorg/scalatest/Status;+374
j  org.scalatest.FlatSpecRegistration$class.runTests(Lorg/scalatest/FlatSpecRegistration;Lscala/Option;Lorg/scalatest/Args;)Lorg/scalatest/Status;+24
j  org.scalatest.FlatSpec.runTests(Lscala/Option;Lorg/scalatest/Args;)Lorg/scalatest/Status;+3
j  org.scalatest.Suite$class.run(Lorg/scalatest/Suite;Lscala/Option;Lorg/scalatest/Args;)Lorg/scalatest/Status;+161
j  org.scalatest.FlatSpec.org$scalatest$FlatSpecRegistration$$super$run(Lscala/Option;Lorg/scalatest/Args;)Lorg/scalatest/Status;+3
j  org.scalatest.FlatSpecRegistration$$anonfun$run$1.apply(Lscala/Option;Lorg/scalatest/Args;)Lorg/scalatest/Status;+6
j  org.scalatest.FlatSpecRegistration$$anonfun$run$1.apply(Ljava/lang/Object;Ljava/lang/Object;)Ljava/lang/Object;+9
j  org.scalatest.SuperEngine.runImpl(Lorg/scalatest/Suite;Lscala/Option;Lorg/scalatest/Args;Lscala/Function2;)Lorg/scalatest/Status;+351
j  org.scalatest.FlatSpecRegistration$class.run(Lorg/scalatest/FlatSpecRegistration;Lscala/Option;Lorg/scalatest/Args;)Lorg/scalatest/Status;+17
j  org.scalatest.FlatSpec.run(Lscala/Option;Lorg/scalatest/Args;)Lorg/scalatest/Status;+3
j  org.scalatest.Suite$class.callExecuteOnSuite$1(Lorg/scalatest/Suite;Lorg/scalatest/Suite;Lorg/scalatest/Reporter;Lorg/scalatest/Args;)Lorg/scalatest/Status;+207
j  org.scalatest.Suite$$anonfun$runNestedSuites$1.apply(Lorg/scalatest/Suite;)Ljava/lang/Object;+38
j  org.scalatest.Suite$$anonfun$runNestedSuites$1.apply(Ljava/lang/Object;)Ljava/lang/Object;+5
j  scala.collection.IndexedSeqOptimized$class.foreach(Lscala/collection/IndexedSeqOptimized;Lscala/Function1;)V+22
j  scala.collection.mutable.ArrayOps$ofRef.foreach(Lscala/Function1;)V+2
j  org.scalatest.Suite$class.runNestedSuites(Lorg/scalatest/Suite;Lorg/scalatest/Args;)Lorg/scalatest/Status;+108
j  org.scalatest.tools.DiscoverySuite.runNestedSuites(Lorg/scalatest/Args;)Lorg/scalatest/Status;+2
j  org.scalatest.Suite$class.run(Lorg/scalatest/Suite;Lscala/Option;Lorg/scalatest/Args;)Lorg/scalatest/Status;+130
j  org.scalatest.tools.DiscoverySuite.run(Lscala/Option;Lorg/scalatest/Args;)Lorg/scalatest/Status;+3
j  org.scalatest.tools.SuiteRunner.run()V+232
j  org.scalatest.tools.Runner$$anonfun$doRunRunRunDaDoRunRun$3.apply(Lorg/scalatest/tools/SuiteConfig;)V+185
j  org.scalatest.tools.Runner$$anonfun$doRunRunRunDaDoRunRun$3.apply(Ljava/lang/Object;)Ljava/lang/Object;+5
j  scala.collection.immutable.List.foreach(Lscala/Function1;)V+15
j  org.scalatest.tools.Runner$.doRunRunRunDaDoRunRun(Lorg/scalatest/DispatchReporter;Lscala/collection/immutable/List;Lscala/collection/immutable/List;Lscala/collection/immutable/List;Lscala/collection/immutable/List;Lorg/scalatest/Stopper;Lscala/collection/immutable/Set;Lscala/collection/immutable/Set;Lorg/scalatest/ConfigMap;ZLscala/collection/immutable/List;Lscala/collection/immutable/List;Lscala/collection/immutable/List;Lscala/collection/immutable/List;Ljava/lang/ClassLoader;Lorg/scalatest/tools/RunDoneListener;ILorg/scalatest/tools/ConcurrentConfig;Lscala/Option;Lscala/collection/immutable/Set;)V+1311
j  org.scalatest.tools.Runner$$anonfun$runOptionallyWithPassFailReporter$2.apply(Ljava/lang/ClassLoader;Lorg/scalatest/DispatchReporter;)V+80
j  org.scalatest.tools.Runner$$anonfun$runOptionallyWithPassFailReporter$2.apply(Ljava/lang/Object;Ljava/lang/Object;)Ljava/lang/Object;+9
j  org.scalatest.tools.Runner$.withClassLoaderAndDispatchReporter(Lscala/collection/immutable/List;Lorg/scalatest/tools/ReporterConfigurations;Lscala/Option;Lscala/Option;ZJJLscala/Function2;)V+44
j  org.scalatest.tools.Runner$.runOptionallyWithPassFailReporter([Ljava/lang/String;Z)Z+1792
j  org.scalatest.tools.Runner$.main([Ljava/lang/String;)V+139
j  org.scalatest.tools.Runner.main([Ljava/lang/String;)V+4
v  ~StubRoutines::call_stub

---------------  P R O C E S S  ---------------

Java Threads: ( => current thread )
  0x00007fca54329800 JavaThread "ScalaTest-dispatcher" [_thread_blocked, id=7499, stack(0x00007fca3977d000,0x00007fca3987e000)]
  0x00007fca540dd000 JavaThread "Service Thread" daemon [_thread_blocked, id=7497, stack(0x00007fca39a9d000,0x00007fca39b9e000)]
  0x00007fca540c7800 JavaThread "C1 CompilerThread3" daemon [_thread_blocked, id=7496, stack(0x00007fca39b9e000,0x00007fca39c9f000)]
  0x00007fca540c5800 JavaThread "C2 CompilerThread2" daemon [_thread_blocked, id=7495, stack(0x00007fca39c9f000,0x00007fca39da0000)]
  0x00007fca540c4000 JavaThread "C2 CompilerThread1" daemon [_thread_blocked, id=7494, stack(0x00007fca39da0000,0x00007fca39ea1000)]
  0x00007fca540c1000 JavaThread "C2 CompilerThread0" daemon [_thread_blocked, id=7493, stack(0x00007fca39ea1000,0x00007fca39fa2000)]
  0x00007fca540bf800 JavaThread "Signal Dispatcher" daemon [_thread_blocked, id=7492, stack(0x00007fca39fa2000,0x00007fca3a0a3000)]
  0x00007fca54087800 JavaThread "Finalizer" daemon [_thread_blocked, id=7491, stack(0x00007fca3a785000,0x00007fca3a886000)]
  0x00007fca54085000 JavaThread "Reference Handler" daemon [_thread_blocked, id=7490, stack(0x00007fca3a886000,0x00007fca3a987000)]
=>0x00007fca5400a000 JavaThread "ScalaTest-main-running-KDropSC_spec" [_thread_in_native, id=7480, stack(0x00007fca5a5f1000,0x00007fca5a6f2000)]

Other Threads:
  0x00007fca54080000 VMThread [stack: 0x00007fca3a987000,0x00007fca3aa88000] [id=7489]
  0x00007fca540df800 WatcherThread [stack: 0x00007fca3999c000,0x00007fca39a9d000] [id=7498]

VM state:not at safepoint (normal execution)

VM Mutex/Monitor currently owned by a thread: None

Heap:
 PSYoungGen      total 150016K, used 46456K [0x0000000718b80000, 0x0000000723280000, 0x00000007c0000000)
  eden space 129024K, 36% used [0x0000000718b80000,0x000000071b8de1d0,0x0000000720980000)
  from space 20992K, 0% used [0x0000000721e00000,0x0000000721e00000,0x0000000723280000)
  to   space 20992K, 0% used [0x0000000720980000,0x0000000720980000,0x0000000721e00000)
 ParOldGen       total 343040K, used 0K [0x00000005ca200000, 0x00000005df100000, 0x0000000718b80000)
  object space 343040K, 0% used [0x00000005ca200000,0x00000005ca200000,0x00000005df100000)
 Metaspace       used 11760K, capacity 11992K, committed 12160K, reserved 1058816K
  class space    used 1836K, capacity 1872K, committed 1920K, reserved 1048576K

Card table byte_map: [0x00007fca43239000,0x00007fca441e9000] byte_map_base: 0x00007fca403e8000

Marking Bits: (ParMarkBitMap*) 0x00007fca59ad1760
 Begin Bits: [0x00007fc9f8510000, 0x00007fca00288000)
 End Bits:   [0x00007fca00288000, 0x00007fca08000000)

Polling page: 0x00007fca5a718000

CodeCache: size=245760Kb used=2790Kb max_used=2790Kb free=242969Kb
 bounds [0x00007fca445a9000, 0x00007fca44869000, 0x00007fca535a9000]
 total_blobs=1042 nmethods=693 adapters=263
 compilation: enabled

Compilation events (10 events):
Event: 0.565 Thread 0x00007fca540c7800  690       3       scala.collection.mutable.ArrayBuilder$ofFloat::ensureSize (54 bytes)
Event: 0.565 Thread 0x00007fca540c7800 nmethod 690 0x00007fca44862a90 code [0x00007fca44862c40, 0x00007fca44863308]
Event: 0.565 Thread 0x00007fca540c7800  691       3       scala.collection.mutable.ArrayBuilder$ofFloat::size_$eq (6 bytes)
Event: 0.565 Thread 0x00007fca540c7800 nmethod 691 0x00007fca44863550 code [0x00007fca448636a0, 0x00007fca448637f0]
Event: 0.586 Thread 0x00007fca540c7800  693       3       dev.TestCuda$$anonfun$1::apply (8 bytes)
Event: 0.586 Thread 0x00007fca540c7800 nmethod 693 0x00007fca44863890 code [0x00007fca44863a20, 0x00007fca44863f50]
Event: 0.586 Thread 0x00007fca540c7800  694       3       dev.TestCuda$$anonfun$1::apply (5 bytes)
Event: 0.586 Thread 0x00007fca540c7800 nmethod 694 0x00007fca448641d0 code [0x00007fca44864360, 0x00007fca44864590]
Event: 0.586 Thread 0x00007fca540c7800  692       1       dev.TestCuda$$anonfun$1::apply$mcF$sp (2 bytes)
Event: 0.586 Thread 0x00007fca540c7800 nmethod 692 0x00007fca44864650 code [0x00007fca448647c0, 0x00007fca448648d0]

GC Heap History (0 events):
No events

Deoptimization events (10 events):
Event: 0.514 Thread 0x00007fca5400a000 Uncommon trap: reason=class_check action=maybe_recompile pc=0x00007fca448518ac method=scala.collection.IndexedSeqLike$Elements.next()Ljava/lang/Object; @ 37
Event: 0.514 Thread 0x00007fca5400a000 Uncommon trap: reason=unstable_if action=reinterpret pc=0x00007fca448507fc method=scala.collection.IndexedSeqLike$Elements.hasNext()Z @ 8
Event: 0.524 Thread 0x00007fca5400a000 Uncommon trap: reason=unstable_if action=reinterpret pc=0x00007fca448504f4 method=java.lang.Integer.valueOf(I)Ljava/lang/Integer; @ 10
Event: 0.524 Thread 0x00007fca5400a000 Uncommon trap: reason=class_check action=maybe_recompile pc=0x00007fca448518ac method=scala.collection.IndexedSeqLike$Elements.next()Ljava/lang/Object; @ 37
Event: 0.524 Thread 0x00007fca5400a000 Uncommon trap: reason=class_check action=maybe_recompile pc=0x00007fca4485869c method=scala.runtime.ScalaRunTime$.array_update(Ljava/lang/Object;ILjava/lang/Object;)V @ 26
Event: 0.524 Thread 0x00007fca5400a000 Uncommon trap: reason=class_check action=maybe_recompile pc=0x00007fca4485869c method=scala.runtime.ScalaRunTime$.array_update(Ljava/lang/Object;ILjava/lang/Object;)V @ 26
Event: 0.524 Thread 0x00007fca5400a000 Uncommon trap: reason=class_check action=maybe_recompile pc=0x00007fca4485869c method=scala.runtime.ScalaRunTime$.array_update(Ljava/lang/Object;ILjava/lang/Object;)V @ 26
Event: 0.524 Thread 0x00007fca5400a000 Uncommon trap: reason=class_check action=maybe_recompile pc=0x00007fca4485869c method=scala.runtime.ScalaRunTime$.array_update(Ljava/lang/Object;ILjava/lang/Object;)V @ 26
Event: 0.548 Thread 0x00007fca5400a000 Uncommon trap: reason=class_check action=maybe_recompile pc=0x00007fca448518ac method=scala.collection.IndexedSeqLike$Elements.next()Ljava/lang/Object; @ 37
Event: 0.548 Thread 0x00007fca5400a000 Uncommon trap: reason=class_check action=maybe_recompile pc=0x00007fca448518ac method=scala.collection.IndexedSeqLike$Elements.next()Ljava/lang/Object; @ 37

Internal exceptions (6 events):
Event: 0.019 Thread 0x00007fca5400a000 Exception <a 'java/lang/NoSuchMethodError': Method sun.misc.Unsafe.defineClass(Ljava/lang/String;[BII)Ljava/lang/Class; name or signature does not match> (0x0000000718b92a38) thrown at [/RE-WORK/workspace/8-2-build-linux-amd64/jdk8u45/3457/hotspot/src/sha
Event: 0.019 Thread 0x00007fca5400a000 Exception <a 'java/lang/NoSuchMethodError': Method sun.misc.Unsafe.prefetchRead(Ljava/lang/Object;J)V name or signature does not match> (0x0000000718b92cc8) thrown at [/RE-WORK/workspace/8-2-build-linux-amd64/jdk8u45/3457/hotspot/src/share/vm/prims/jni.cp
Event: 0.227 Thread 0x00007fca5400a000 Exception <a 'java/security/PrivilegedActionException'> (0x0000000719fc15d8) thrown at [/RE-WORK/workspace/8-2-build-linux-amd64/jdk8u45/3457/hotspot/src/share/vm/prims/jvm.cpp, line 1382]
Event: 0.227 Thread 0x00007fca5400a000 Exception <a 'java/security/PrivilegedActionException'> (0x0000000719fc1920) thrown at [/RE-WORK/workspace/8-2-build-linux-amd64/jdk8u45/3457/hotspot/src/share/vm/prims/jvm.cpp, line 1382]
Event: 0.227 Thread 0x00007fca5400a000 Exception <a 'java/security/PrivilegedActionException'> (0x0000000719fc3fd0) thrown at [/RE-WORK/workspace/8-2-build-linux-amd64/jdk8u45/3457/hotspot/src/share/vm/prims/jvm.cpp, line 1382]
Event: 0.227 Thread 0x00007fca5400a000 Exception <a 'java/security/PrivilegedActionException'> (0x0000000719fc4318) thrown at [/RE-WORK/workspace/8-2-build-linux-amd64/jdk8u45/3457/hotspot/src/share/vm/prims/jvm.cpp, line 1382]

Events (10 events):
Event: 0.549 loading class scala/runtime/RichDouble$
Event: 0.549 loading class scala/runtime/RichDouble$ done
Event: 0.559 loading class scala/collection/mutable/ArrayOps$ofByte
Event: 0.559 loading class scala/collection/mutable/ArrayOps$ofByte done
Event: 0.561 loading class scala/collection/mutable/ArrayOps$ofByte$
Event: 0.561 loading class scala/collection/mutable/ArrayOps$ofByte$ done
Event: 0.562 loading class java/lang/Byte$ByteCache
Event: 0.562 loading class java/lang/Byte$ByteCache done
Event: 0.585 loading class scala/Function0$mcF$sp$class
Event: 0.585 loading class scala/Function0$mcF$sp$class done


Dynamic libraries:
00400000-00401000 r-xp 00000000 08:12 8396444                            /usr/lib/jvm/java-8-oracle/jre/bin/java
00600000-00601000 rw-p 00000000 08:12 8396444                            /usr/lib/jvm/java-8-oracle/jre/bin/java
012ac000-012cd000 rw-p 00000000 00:00 0                                  [heap]
200000000-400000000 ---p 00000000 00:00 0 
5ca200000-5df100000 rw-p 00000000 00:00 0 
5df100000-718b80000 ---p 00000000 00:00 0 
718b80000-723280000 rw-p 00000000 00:00 0 
723280000-7c0000000 ---p 00000000 00:00 0 
7c0000000-7c01e0000 rw-p 00000000 00:00 0 
7c01e0000-800000000 ---p 00000000 00:00 0 
800000000-1300000000 ---p 00000000 00:00 0 
7fc9cc000000-7fc9cc04d000 rw-p 00000000 00:00 0 
7fc9cc04d000-7fc9d0000000 ---p 00000000 00:00 0 
7fc9d0000000-7fc9d0021000 rw-p 00000000 00:00 0 
7fc9d0021000-7fc9d4000000 ---p 00000000 00:00 0 
7fc9d4000000-7fc9d4021000 rw-p 00000000 00:00 0 
7fc9d4021000-7fc9d8000000 ---p 00000000 00:00 0 
7fc9d8000000-7fc9d8021000 rw-p 00000000 00:00 0 
7fc9d8021000-7fc9dc000000 ---p 00000000 00:00 0 
7fc9dc000000-7fc9dc2b3000 rw-p 00000000 00:00 0 
7fc9dc2b3000-7fc9e0000000 ---p 00000000 00:00 0 
7fc9e0000000-7fc9e0244000 rw-p 00000000 00:00 0 
7fc9e0244000-7fc9e4000000 ---p 00000000 00:00 0 
7fc9e4000000-7fc9e4319000 rw-p 00000000 00:00 0 
7fc9e4319000-7fc9e8000000 ---p 00000000 00:00 0 
7fc9e8000000-7fc9e8302000 rw-p 00000000 00:00 0 
7fc9e8302000-7fc9ec000000 ---p 00000000 00:00 0 
7fc9ec000000-7fc9ec021000 rw-p 00000000 00:00 0 
7fc9ec021000-7fc9f0000000 ---p 00000000 00:00 0 
7fc9f0000000-7fc9f0021000 rw-p 00000000 00:00 0 
7fc9f0021000-7fc9f4000000 ---p 00000000 00:00 0 
7fc9f4000000-7fc9f4021000 rw-p 00000000 00:00 0 
7fc9f4021000-7fc9f8000000 ---p 00000000 00:00 0 
7fc9f8510000-7fca08000000 rw-p 00000000 00:00 0 
7fca08000000-7fca08021000 rw-p 00000000 00:00 0 
7fca08021000-7fca0c000000 ---p 00000000 00:00 0 
7fca0c000000-7fca0c021000 rw-p 00000000 00:00 0 
7fca0c021000-7fca10000000 ---p 00000000 00:00 0 
7fca10000000-7fca10021000 rw-p 00000000 00:00 0 
7fca10021000-7fca14000000 ---p 00000000 00:00 0 
7fca18000000-7fca18021000 rw-p 00000000 00:00 0 
7fca18021000-7fca1c000000 ---p 00000000 00:00 0 
7fca20000000-7fca20021000 rw-p 00000000 00:00 0 
7fca20021000-7fca24000000 ---p 00000000 00:00 0 
7fca28000000-7fca28021000 rw-p 00000000 00:00 0 
7fca28021000-7fca2c000000 ---p 00000000 00:00 0 
7fca2c000000-7fca2c021000 rw-p 00000000 00:00 0 
7fca2c021000-7fca30000000 ---p 00000000 00:00 0 
7fca3234b000-7fca323cc000 rw-s 745a19000 00:05 8902                      /dev/nvidia0
7fca323cc000-7fca324cc000 rw-s 7cb6d5000 00:05 8902                      /dev/nvidia0
7fca324cc000-7fca325cc000 rw-s 7cb681000 00:05 8902                      /dev/nvidia0
7fca325cc000-7fca326cc000 rw-s 77ff8b000 00:05 8902                      /dev/nvidia0
7fca326cc000-7fca327cc000 rw-s 745bc7000 00:05 8902                      /dev/nvidia0
7fca327cc000-7fca328cc000 rw-s 74e145000 00:05 8902                      /dev/nvidia0
7fca328cc000-7fca32ccc000 rw-s 7d587e000 00:05 8902                      /dev/nvidia0
7fca32ccc000-7fca330cc000 rw-s 7dcd36000 00:05 8902                      /dev/nvidia0
7fca330cc000-7fca330cd000 ---p 00000000 00:00 0 
7fca330cd000-7fca338cd000 rw-p 00000000 00:00 0                          [stack:7502]
7fca338cd000-7fca338e5000 r-xp 00000000 08:12 12587067                   /lib/x86_64-linux-gnu/libz.so.1.2.8
7fca338e5000-7fca33ae4000 ---p 00018000 08:12 12587067                   /lib/x86_64-linux-gnu/libz.so.1.2.8
7fca33ae4000-7fca33ae5000 r--p 00017000 08:12 12587067                   /lib/x86_64-linux-gnu/libz.so.1.2.8
7fca33ae5000-7fca33ae6000 rw-p 00018000 08:12 12587067                   /lib/x86_64-linux-gnu/libz.so.1.2.8
7fca33ae6000-7fca33afc000 r-xp 00000000 08:12 12586881                   /lib/x86_64-linux-gnu/libgcc_s.so.1
7fca33afc000-7fca33cfb000 ---p 00016000 08:12 12586881                   /lib/x86_64-linux-gnu/libgcc_s.so.1
7fca33cfb000-7fca33cfc000 rw-p 00015000 08:12 12586881                   /lib/x86_64-linux-gnu/libgcc_s.so.1
7fca33cfc000-7fca33de2000 r-xp 00000000 08:12 7611072                    /usr/lib/x86_64-linux-gnu/libstdc++.so.6.0.19
7fca33de2000-7fca33fe1000 ---p 000e6000 08:12 7611072                    /usr/lib/x86_64-linux-gnu/libstdc++.so.6.0.19
7fca33fe1000-7fca33fe9000 r--p 000e5000 08:12 7611072                    /usr/lib/x86_64-linux-gnu/libstdc++.so.6.0.19
7fca33fe9000-7fca33feb000 rw-p 000ed000 08:12 7611072                    /usr/lib/x86_64-linux-gnu/libstdc++.so.6.0.19
7fca33feb000-7fca34000000 rw-p 00000000 00:00 0 
7fca34000000-7fca34021000 rw-p 00000000 00:00 0 
7fca34021000-7fca38000000 ---p 00000000 00:00 0 
7fca3805c000-7fca3807c000 rw-s a0120000 00:05 8902                       /dev/nvidia0
7fca3807c000-7fca3817c000 rw-s 74e14c000 00:05 8902                      /dev/nvidia0
7fca3817c000-7fca38cea000 r-xp 00000000 08:12 7604459                    /usr/lib/x86_64-linux-gnu/libcuda.so.331.113
7fca38cea000-7fca38ee9000 ---p 00b6e000 08:12 7604459                    /usr/lib/x86_64-linux-gnu/libcuda.so.331.113
7fca38ee9000-7fca390b6000 rw-p 00b6d000 08:12 7604459                    /usr/lib/x86_64-linux-gnu/libcuda.so.331.113
7fca390b6000-7fca390de000 rw-p 00000000 00:00 0 
7fca390de000-7fca39129000 r-xp 00000000 08:12 7610015                    /usr/lib/x86_64-linux-gnu/libcudart.so.5.5.22
7fca39129000-7fca39328000 ---p 0004b000 08:12 7610015                    /usr/lib/x86_64-linux-gnu/libcudart.so.5.5.22
7fca39328000-7fca3932b000 rw-p 0004a000 08:12 7610015                    /usr/lib/x86_64-linux-gnu/libcudart.so.5.5.22
7fca3932e000-7fca3934e000 rw-s a0100000 00:05 8902                       /dev/nvidia0
7fca3934e000-7fca3937b000 r-xp 00000000 08:12 12321659                   /lib/libJCudaDriver-linux-x86_64.so
7fca3937b000-7fca3957b000 ---p 0002d000 08:12 12321659                   /lib/libJCudaDriver-linux-x86_64.so
7fca3957b000-7fca3957d000 rw-p 0002d000 08:12 12321659                   /lib/libJCudaDriver-linux-x86_64.so
7fca3957d000-7fca3977d000 rw-p 00000000 00:00 0 
7fca3977d000-7fca39780000 ---p 00000000 00:00 0 
7fca39780000-7fca3987e000 rw-p 00000000 00:00 0                          [stack:7499]
7fca3987e000-7fca398ca000 r--s 003e4000 08:12 12850861                   /home/dev/.m2/repository/org/scala-lang/scala-reflect/2.11.4/scala-reflect-2.11.4.jar
7fca398ca000-7fca39943000 r--s 00795000 08:12 12850862                   /home/dev/.m2/repository/org/scalatest/scalatest_2.11/3.0.0-SNAP4/scalatest_2.11-3.0.0-SNAP4.jar
7fca39943000-7fca3999c000 r--s 004f6000 08:12 12715869                   /home/dev/.m2/repository/org/scala-lang/scala-library/2.11.6/scala-library-2.11.6.jar
7fca3999c000-7fca3999d000 ---p 00000000 00:00 0 
7fca3999d000-7fca39a9d000 rw-p 00000000 00:00 0                          [stack:7498]
7fca39a9d000-7fca39aa0000 ---p 00000000 00:00 0 
7fca39aa0000-7fca39b9e000 rw-p 00000000 00:00 0                          [stack:7497]
7fca39b9e000-7fca39ba1000 ---p 00000000 00:00 0 
7fca39ba1000-7fca39c9f000 rw-p 00000000 00:00 0                          [stack:7496]
7fca39c9f000-7fca39ca2000 ---p 00000000 00:00 0 
7fca39ca2000-7fca39da0000 rw-p 00000000 00:00 0                          [stack:7495]
7fca39da0000-7fca39da3000 ---p 00000000 00:00 0 
7fca39da3000-7fca39ea1000 rw-p 00000000 00:00 0                          [stack:7494]
7fca39ea1000-7fca39ea4000 ---p 00000000 00:00 0 
7fca39ea4000-7fca39fa2000 rw-p 00000000 00:00 0                          [stack:7493]
7fca39fa2000-7fca39fa5000 ---p 00000000 00:00 0 
7fca39fa5000-7fca3a0a3000 rw-p 00000000 00:00 0                          [stack:7492]
7fca3a0a3000-7fca3a785000 r--p 00000000 08:12 7609159                    /usr/lib/locale/locale-archive
7fca3a785000-7fca3a788000 ---p 00000000 00:00 0 
7fca3a788000-7fca3a886000 rw-p 00000000 00:00 0                          [stack:7491]
7fca3a886000-7fca3a889000 ---p 00000000 00:00 0 
7fca3a889000-7fca3a987000 rw-p 00000000 00:00 0                          [stack:7490]
7fca3a987000-7fca3a988000 ---p 00000000 00:00 0 
7fca3a988000-7fca3c000000 rw-p 00000000 00:00 0                          [stack:7489]
7fca3c000000-7fca3c021000 rw-p 00000000 00:00 0 
7fca3c021000-7fca40000000 ---p 00000000 00:00 0 
7fca4001a000-7fca40735000 rw-p 00000000 00:00 0 
7fca40735000-7fca4090e000 r--s 03d09000 08:12 8005589                    /usr/lib/jvm/java-8-oracle/jre/lib/rt.jar
7fca4090e000-7fca420bd000 rw-p 00000000 00:00 0 
7fca420bd000-7fca420be000 ---p 00000000 00:00 0 
7fca420be000-7fca421be000 rw-p 00000000 00:00 0                          [stack:7488]
7fca421be000-7fca421bf000 ---p 00000000 00:00 0 
7fca421bf000-7fca422bf000 rw-p 00000000 00:00 0                          [stack:7487]
7fca422bf000-7fca422c0000 ---p 00000000 00:00 0 
7fca422c0000-7fca423c0000 rw-p 00000000 00:00 0                          [stack:7486]
7fca423c0000-7fca423c1000 ---p 00000000 00:00 0 
7fca423c1000-7fca424c1000 rw-p 00000000 00:00 0                          [stack:7485]
7fca424c1000-7fca424c2000 ---p 00000000 00:00 0 
7fca424c2000-7fca425c2000 rw-p 00000000 00:00 0                          [stack:7484]
7fca425c2000-7fca425c3000 ---p 00000000 00:00 0 
7fca425c3000-7fca426c3000 rw-p 00000000 00:00 0                          [stack:7483]
7fca426c3000-7fca426c4000 ---p 00000000 00:00 0 
7fca426c4000-7fca4286c000 rw-p 00000000 00:00 0                          [stack:7482]
7fca4286c000-7fca43239000 ---p 00000000 00:00 0 
7fca43239000-7fca432e1000 rw-p 00000000 00:00 0 
7fca432e1000-7fca43cad000 ---p 00000000 00:00 0 
7fca43cad000-7fca43d02000 rw-p 00000000 00:00 0 
7fca43d02000-7fca441e8000 ---p 00000000 00:00 0 
7fca441e8000-7fca441f4000 rw-p 00000000 00:00 0 
7fca441f4000-7fca445a9000 ---p 00000000 00:00 0 
7fca445a9000-7fca44869000 rwxp 00000000 00:00 0 
7fca44869000-7fca535a9000 ---p 00000000 00:00 0 
7fca535a9000-7fca535c3000 r-xp 00000000 08:12 8267153                    /usr/lib/jvm/java-8-oracle/jre/lib/amd64/libzip.so
7fca535c3000-7fca537c3000 ---p 0001a000 08:12 8267153                    /usr/lib/jvm/java-8-oracle/jre/lib/amd64/libzip.so
7fca537c3000-7fca537c4000 rw-p 0001a000 08:12 8267153                    /usr/lib/jvm/java-8-oracle/jre/lib/amd64/libzip.so
7fca537c4000-7fca537cf000 r-xp 00000000 08:12 12588455                   /lib/x86_64-linux-gnu/libnss_files-2.19.so
7fca537cf000-7fca539ce000 ---p 0000b000 08:12 12588455                   /lib/x86_64-linux-gnu/libnss_files-2.19.so
7fca539ce000-7fca539cf000 r--p 0000a000 08:12 12588455                   /lib/x86_64-linux-gnu/libnss_files-2.19.so
7fca539cf000-7fca539d0000 rw-p 0000b000 08:12 12588455                   /lib/x86_64-linux-gnu/libnss_files-2.19.so
7fca539d0000-7fca539db000 r-xp 00000000 08:12 12588826                   /lib/x86_64-linux-gnu/libnss_nis-2.19.so
7fca539db000-7fca53bda000 ---p 0000b000 08:12 12588826                   /lib/x86_64-linux-gnu/libnss_nis-2.19.so
7fca53bda000-7fca53bdb000 r--p 0000a000 08:12 12588826                   /lib/x86_64-linux-gnu/libnss_nis-2.19.so
7fca53bdb000-7fca53bdc000 rw-p 0000b000 08:12 12588826                   /lib/x86_64-linux-gnu/libnss_nis-2.19.so
7fca53bdc000-7fca53bf3000 r-xp 00000000 08:12 12588495                   /lib/x86_64-linux-gnu/libnsl-2.19.so
7fca53bf3000-7fca53df2000 ---p 00017000 08:12 12588495                   /lib/x86_64-linux-gnu/libnsl-2.19.so
7fca53df2000-7fca53df3000 r--p 00016000 08:12 12588495                   /lib/x86_64-linux-gnu/libnsl-2.19.so
7fca53df3000-7fca53df4000 rw-p 00017000 08:12 12588495                   /lib/x86_64-linux-gnu/libnsl-2.19.so
7fca53df4000-7fca53df6000 rw-p 00000000 00:00 0 
7fca53df6000-7fca53dff000 r-xp 00000000 08:12 12588490                   /lib/x86_64-linux-gnu/libnss_compat-2.19.so
7fca53dff000-7fca53ffe000 ---p 00009000 08:12 12588490                   /lib/x86_64-linux-gnu/libnss_compat-2.19.so
7fca53ffe000-7fca53fff000 r--p 00008000 08:12 12588490                   /lib/x86_64-linux-gnu/libnss_compat-2.19.so
7fca53fff000-7fca54000000 rw-p 00009000 08:12 12588490                   /lib/x86_64-linux-gnu/libnss_compat-2.19.so
7fca54000000-7fca5482a000 rw-p 00000000 00:00 0 
7fca5482a000-7fca58000000 ---p 00000000 00:00 0 
7fca58019000-7fca580ea000 rw-p 00000000 00:00 0 
7fca580ea000-7fca580eb000 ---p 00000000 00:00 0 
7fca580eb000-7fca581eb000 rw-p 00000000 00:00 0                          [stack:7481]
7fca581eb000-7fca58215000 r-xp 00000000 08:12 8267205                    /usr/lib/jvm/java-8-oracle/jre/lib/amd64/libjava.so
7fca58215000-7fca58415000 ---p 0002a000 08:12 8267205                    /usr/lib/jvm/java-8-oracle/jre/lib/amd64/libjava.so
7fca58415000-7fca58417000 rw-p 0002a000 08:12 8267205                    /usr/lib/jvm/java-8-oracle/jre/lib/amd64/libjava.so
7fca58417000-7fca58424000 r-xp 00000000 08:12 8267184                    /usr/lib/jvm/java-8-oracle/jre/lib/amd64/libverify.so
7fca58424000-7fca58624000 ---p 0000d000 08:12 8267184                    /usr/lib/jvm/java-8-oracle/jre/lib/amd64/libverify.so
7fca58624000-7fca58626000 rw-p 0000d000 08:12 8267184                    /usr/lib/jvm/java-8-oracle/jre/lib/amd64/libverify.so
7fca58626000-7fca5862d000 r-xp 00000000 08:12 12588823                   /lib/x86_64-linux-gnu/librt-2.19.so
7fca5862d000-7fca5882c000 ---p 00007000 08:12 12588823                   /lib/x86_64-linux-gnu/librt-2.19.so
7fca5882c000-7fca5882d000 r--p 00006000 08:12 12588823                   /lib/x86_64-linux-gnu/librt-2.19.so
7fca5882d000-7fca5882e000 rw-p 00007000 08:12 12588823                   /lib/x86_64-linux-gnu/librt-2.19.so
7fca5882e000-7fca58933000 r-xp 00000000 08:12 12588453                   /lib/x86_64-linux-gnu/libm-2.19.so
7fca58933000-7fca58b32000 ---p 00105000 08:12 12588453                   /lib/x86_64-linux-gnu/libm-2.19.so
7fca58b32000-7fca58b33000 r--p 00104000 08:12 12588453                   /lib/x86_64-linux-gnu/libm-2.19.so
7fca58b33000-7fca58b34000 rw-p 00105000 08:12 12588453                   /lib/x86_64-linux-gnu/libm-2.19.so
7fca58b34000-7fca597e2000 r-xp 00000000 08:12 8267192                    /usr/lib/jvm/java-8-oracle/jre/lib/amd64/server/libjvm.so
7fca597e2000-7fca599e1000 ---p 00cae000 08:12 8267192                    /usr/lib/jvm/java-8-oracle/jre/lib/amd64/server/libjvm.so
7fca599e1000-7fca59ab8000 rw-p 00cad000 08:12 8267192                    /usr/lib/jvm/java-8-oracle/jre/lib/amd64/server/libjvm.so
7fca59ab8000-7fca59afc000 rw-p 00000000 00:00 0 
7fca59afc000-7fca59cb7000 r-xp 00000000 08:12 12588820                   /lib/x86_64-linux-gnu/libc-2.19.so
7fca59cb7000-7fca59eb6000 ---p 001bb000 08:12 12588820                   /lib/x86_64-linux-gnu/libc-2.19.so
7fca59eb6000-7fca59eba000 r--p 001ba000 08:12 12588820                   /lib/x86_64-linux-gnu/libc-2.19.so
7fca59eba000-7fca59ebc000 rw-p 001be000 08:12 12588820                   /lib/x86_64-linux-gnu/libc-2.19.so
7fca59ebc000-7fca59ec1000 rw-p 00000000 00:00 0 
7fca59ec1000-7fca59ec4000 r-xp 00000000 08:12 12588459                   /lib/x86_64-linux-gnu/libdl-2.19.so
7fca59ec4000-7fca5a0c3000 ---p 00003000 08:12 12588459                   /lib/x86_64-linux-gnu/libdl-2.19.so
7fca5a0c3000-7fca5a0c4000 r--p 00002000 08:12 12588459                   /lib/x86_64-linux-gnu/libdl-2.19.so
7fca5a0c4000-7fca5a0c5000 rw-p 00003000 08:12 12588459                   /lib/x86_64-linux-gnu/libdl-2.19.so
7fca5a0c5000-7fca5a0da000 r-xp 00000000 08:12 8267158                    /usr/lib/jvm/java-8-oracle/jre/lib/amd64/jli/libjli.so
7fca5a0da000-7fca5a2da000 ---p 00015000 08:12 8267158                    /usr/lib/jvm/java-8-oracle/jre/lib/amd64/jli/libjli.so
7fca5a2da000-7fca5a2db000 rw-p 00015000 08:12 8267158                    /usr/lib/jvm/java-8-oracle/jre/lib/amd64/jli/libjli.so
7fca5a2db000-7fca5a2f4000 r-xp 00000000 08:12 12588821                   /lib/x86_64-linux-gnu/libpthread-2.19.so
7fca5a2f4000-7fca5a4f3000 ---p 00019000 08:12 12588821                   /lib/x86_64-linux-gnu/libpthread-2.19.so
7fca5a4f3000-7fca5a4f4000 r--p 00018000 08:12 12588821                   /lib/x86_64-linux-gnu/libpthread-2.19.so
7fca5a4f4000-7fca5a4f5000 rw-p 00019000 08:12 12588821                   /lib/x86_64-linux-gnu/libpthread-2.19.so
7fca5a4f5000-7fca5a4f9000 rw-p 00000000 00:00 0 
7fca5a4f9000-7fca5a51c000 r-xp 00000000 08:12 12588813                   /lib/x86_64-linux-gnu/ld-2.19.so
7fca5a528000-7fca5a529000 rw-p 00000000 00:00 0 
7fca5a529000-7fca5a52a000 rw-s afd61000 00:05 8902                       /dev/nvidia0
7fca5a52a000-7fca5a52b000 rw-s 74e140000 00:05 8902                      /dev/nvidia0
7fca5a52b000-7fca5a52c000 rw-s afd61000 00:05 8902                       /dev/nvidia0
7fca5a52c000-7fca5a5f1000 rw-p 00000000 00:00 0 
7fca5a5f1000-7fca5a5f4000 ---p 00000000 00:00 0 
7fca5a5f4000-7fca5a6f6000 rw-p 00000000 00:00 0                          [stack:7480]
7fca5a6f6000-7fca5a6f7000 rw-s 77f0ed000 00:05 8902                      /dev/nvidia0
7fca5a6f7000-7fca5a6fc000 r--s 00094000 08:12 8005620                    /usr/lib/jvm/java-8-oracle/jre/lib/jsse.jar
7fca5a6fc000-7fca5a6ff000 r--s 0004c000 08:12 12716097                   /home/dev/.m2/repository/org/nd4j/jcuda/5.5/jcuda-5.5.jar
7fca5a6ff000-7fca5a701000 r--s 00056000 08:12 12720887                   /home/dev/.m2/repository/org/jocl/jocl/0.1.9/jocl-0.1.9.jar
7fca5a701000-7fca5a704000 r--s 0001b000 08:12 786837                     /home/dev/.m2/repository/junit/junit/3.8.1/junit-3.8.1.jar
7fca5a704000-7fca5a705000 r--s 0000f000 08:12 4587742                    /home/dev/.m2/repository/org/json/json/20141113/json-20141113.jar
7fca5a705000-7fca5a70f000 r--s 00095000 08:12 12850856                   /home/dev/.m2/repository/org/scala-lang/modules/scala-xml_2.11/1.0.2/scala-xml_2.11-1.0.2.jar
7fca5a70f000-7fca5a717000 rw-s 00000000 08:12 11278705                   /tmp/hsperfdata_dev/7477
7fca5a717000-7fca5a718000 rw-p 00000000 00:00 0 
7fca5a718000-7fca5a719000 r--p 00000000 00:00 0 
7fca5a719000-7fca5a71b000 rw-p 00000000 00:00 0 
7fca5a71b000-7fca5a71c000 r--p 00022000 08:12 12588813                   /lib/x86_64-linux-gnu/ld-2.19.so
7fca5a71c000-7fca5a71d000 rw-p 00023000 08:12 12588813                   /lib/x86_64-linux-gnu/ld-2.19.so
7fca5a71d000-7fca5a71e000 rw-p 00000000 00:00 0 
7ffca9ef2000-7ffca9f14000 rw-p 00000000 00:00 0                          [stack]
7ffca9f59000-7ffca9f5b000 r-xp 00000000 00:00 0                          [vdso]
ffffffffff600000-ffffffffff601000 r-xp 00000000 00:00 0                  [vsyscall]

VM Arguments:
jvm_args: -Dbasedir=/home/dev/IdeaProjects/jniopencl 
java_command: org.scalatest.tools.Runner -R /home/dev/IdeaProjects/jniopencl/target/classes /home/dev/IdeaProjects/jniopencl/target/test-classes -o -fWDF /home/dev/IdeaProjects/jniopencl/target/surefire-reports/TestSuite.txt -u /home/dev/IdeaProjects/jniopencl/target/surefire-reports/.
java_class_path (initial): /home/dev/IdeaProjects/jniopencl/target/test-classes:/home/dev/IdeaProjects/jniopencl/target/classes:/home/dev/.m2/repository/org/scala-lang/scala-library/2.11.6/scala-library-2.11.6.jar:/home/dev/.m2/repository/org/scalatest/scalatest_2.11/3.0.0-SNAP4/scalatest_2.11-3.0.0-SNAP4.jar:/home/dev/.m2/repository/org/scala-lang/scala-reflect/2.11.4/scala-reflect-2.11.4.jar:/home/dev/.m2/repository/org/scala-lang/modules/scala-xml_2.11/1.0.2/scala-xml_2.11-1.0.2.jar:/home/dev/.m2/repository/org/json/json/20141113/json-20141113.jar:/home/dev/.m2/repository/junit/junit/3.8.1/junit-3.8.1.jar:/home/dev/.m2/repository/org/jocl/jocl/0.1.9/jocl-0.1.9.jar:/home/dev/.m2/repository/org/nd4j/jcuda/5.5/jcuda-5.5.jar
Launcher Type: SUN_STANDARD

Environment Variables:
JAVA_HOME=/usr/lib/jvm/java-8-oracle
CLASSPATH=/home/dev/IdeaProjects/jniopencl/target/test-classes:/home/dev/IdeaProjects/jniopencl/target/classes:/home/dev/.m2/repository/org/scala-lang/scala-library/2.11.6/scala-library-2.11.6.jar:/home/dev/.m2/repository/org/scalatest/scalatest_2.11/3.0.0-SNAP4/scalatest_2.11-3.0.0-SNAP4.jar:/home/dev/.m2/repository/org/scala-lang/scala-reflect/2.11.4/scala-reflect-2.11.4.jar:/home/dev/.m2/repository/org/scala-lang/modules/scala-xml_2.11/1.0.2/scala-xml_2.11-1.0.2.jar:/home/dev/.m2/repository/org/json/json/20141113/json-20141113.jar:/home/dev/.m2/repository/junit/junit/3.8.1/junit-3.8.1.jar:/home/dev/.m2/repository/org/jocl/jocl/0.1.9/jocl-0.1.9.jar:/home/dev/.m2/repository/org/nd4j/jcuda/5.5/jcuda-5.5.jar
PATH=/usr/local/sbin:/usr/local/bin:/usr/sbin:/usr/bin:/sbin:/bin:/usr/games:/usr/local/games:/usr/lib/jvm/java-8-oracle/bin:/usr/lib/jvm/java-8-oracle/db/bin:/usr/lib/jvm/java-8-oracle/jre/bin:/home/dev/Documents/scala-2.11.6/bin:/home/dev/.bin:/usr/lib/jvm/java-8-oracle/bin:/usr/lib/jvm/java-8-oracle/db/bin:/usr/lib/jvm/java-8-oracle/jre/bin:/home/dev/Documents/scala-2.11.6/bin:/home/dev/.bin
LD_LIBRARY_PATH=Desktop/idea-IC-139.225.3/bin:
SHELL=/bin/bash
DISPLAY=:0

Signal Handlers:
SIGSEGV: [libjvm.so+0xaad1e0], sa_mask[0]=11111111011111111101111111111110, sa_flags=SA_RESTART|SA_SIGINFO
SIGBUS: [libjvm.so+0xaad1e0], sa_mask[0]=11111111011111111101111111111110, sa_flags=SA_RESTART|SA_SIGINFO
SIGFPE: [libjvm.so+0x90b450], sa_mask[0]=11111111011111111101111111111110, sa_flags=SA_RESTART|SA_SIGINFO
SIGPIPE: [libjvm.so+0x90b450], sa_mask[0]=11111111011111111101111111111110, sa_flags=SA_RESTART|SA_SIGINFO
SIGXFSZ: [libjvm.so+0x90b450], sa_mask[0]=11111111011111111101111111111110, sa_flags=SA_RESTART|SA_SIGINFO
SIGILL: [libjvm.so+0x90b450], sa_mask[0]=11111111011111111101111111111110, sa_flags=SA_RESTART|SA_SIGINFO
SIGUSR1: SIG_DFL, sa_mask[0]=00000000000000000000000000000000, sa_flags=none
SIGUSR2: [libjvm.so+0x90ca90], sa_mask[0]=00100000000000000000000000000000, sa_flags=SA_RESTART|SA_SIGINFO
SIGHUP: [libjvm.so+0x90dde0], sa_mask[0]=11111111011111111101111111111110, sa_flags=SA_RESTART|SA_SIGINFO
SIGINT: [libjvm.so+0x90dde0], sa_mask[0]=11111111011111111101111111111110, sa_flags=SA_RESTART|SA_SIGINFO
SIGTERM: [libjvm.so+0x90dde0], sa_mask[0]=11111111011111111101111111111110, sa_flags=SA_RESTART|SA_SIGINFO
SIGQUIT: [libjvm.so+0x90dde0], sa_mask[0]=11111111011111111101111111111110, sa_flags=SA_RESTART|SA_SIGINFO


---------------  S Y S T E M  ---------------

OS:DISTRIB_ID=Ubuntu
DISTRIB_RELEASE=14.04
DISTRIB_CODENAME=trusty
DISTRIB_DESCRIPTION="Ubuntu 14.04.2 LTS"

uname:Linux 3.13.0-51-generic #84-Ubuntu SMP Wed Apr 15 12:08:34 UTC 2015 x86_64
libc:glibc 2.19 NPTL 2.19 
rlimit: STACK 8192k, CORE 0k, NPROC 256148, NOFILE 4096, AS infinity
load average:1.47 0.84 0.66

/proc/meminfo:
MemTotal:       32886004 kB
MemFree:        27826756 kB
Buffers:          346692 kB
Cached:          1684352 kB
SwapCached:            0 kB
Active:          3435064 kB
Inactive:        1041040 kB
Active(anon):    2446228 kB
Inactive(anon):    23796 kB
Active(file):     988836 kB
Inactive(file):  1017244 kB
Unevictable:          48 kB
Mlocked:              48 kB
SwapTotal:      33491964 kB
SwapFree:       33491964 kB
Dirty:             81540 kB
Writeback:             0 kB
AnonPages:       2445224 kB
Mapped:           297900 kB
Shmem:             24968 kB
Slab:             254480 kB
SReclaimable:     206768 kB
SUnreclaim:        47712 kB
KernelStack:        5320 kB
PageTables:        35620 kB
NFS_Unstable:          0 kB
Bounce:                0 kB
WritebackTmp:          0 kB
CommitLimit:    49934964 kB
Committed_AS:    7294552 kB
VmallocTotal:   34359738367 kB
VmallocUsed:      642624 kB
VmallocChunk:   34359083516 kB
HardwareCorrupted:     0 kB
AnonHugePages:   1005568 kB
HugePages_Total:       0
HugePages_Free:        0
HugePages_Rsvd:        0
HugePages_Surp:        0
Hugepagesize:       2048 kB
DirectMap4k:      225856 kB
DirectMap2M:     6004736 kB
DirectMap1G:    27262976 kB


CPU:total 8 (4 cores per cpu, 2 threads per core) family 6 model 60 stepping 3, cmov, cx8, fxsr, mmx, sse, sse2, sse3, ssse3, sse4.1, sse4.2, popcnt, avx, avx2, aes, clmul, erms, lzcnt, ht, tsc, tscinvbit, bmi1, bmi2

/proc/cpuinfo:
processor	: 0
vendor_id	: GenuineIntel
cpu family	: 6
model		: 60
model name	: Intel(R) Core(TM) i7-4700MQ CPU @ 2.40GHz
stepping	: 3
microcode	: 0x16
cpu MHz		: 800.000
cache size	: 6144 KB
physical id	: 0
siblings	: 8
core id		: 0
cpu cores	: 4
apicid		: 0
initial apicid	: 0
fpu		: yes
fpu_exception	: yes
cpuid level	: 13
wp		: yes
flags		: fpu vme de pse tsc msr pae mce cx8 apic sep mtrr pge mca cmov pat pse36 clflush dts acpi mmx fxsr sse sse2 ss ht tm pbe syscall nx pdpe1gb rdtscp lm constant_tsc arch_perfmon pebs bts rep_good nopl xtopology nonstop_tsc aperfmperf eagerfpu pni pclmulqdq dtes64 monitor ds_cpl vmx est tm2 ssse3 fma cx16 xtpr pdcm pcid sse4_1 sse4_2 movbe popcnt tsc_deadline_timer aes xsave avx f16c rdrand lahf_lm abm ida arat epb xsaveopt pln pts dtherm tpr_shadow vnmi flexpriority ept vpid fsgsbase tsc_adjust bmi1 avx2 smep bmi2 erms invpcid
bogomips	: 4789.26
clflush size	: 64
cache_alignment	: 64
address sizes	: 39 bits physical, 48 bits virtual
power management:

processor	: 1
vendor_id	: GenuineIntel
cpu family	: 6
model		: 60
model name	: Intel(R) Core(TM) i7-4700MQ CPU @ 2.40GHz
stepping	: 3
microcode	: 0x16
cpu MHz		: 2401.000
cache size	: 6144 KB
physical id	: 0
siblings	: 8
core id		: 0
cpu cores	: 4
apicid		: 1
initial apicid	: 1
fpu		: yes
fpu_exception	: yes
cpuid level	: 13
wp		: yes
flags		: fpu vme de pse tsc msr pae mce cx8 apic sep mtrr pge mca cmov pat pse36 clflush dts acpi mmx fxsr sse sse2 ss ht tm pbe syscall nx pdpe1gb rdtscp lm constant_tsc arch_perfmon pebs bts rep_good nopl xtopology nonstop_tsc aperfmperf eagerfpu pni pclmulqdq dtes64 monitor ds_cpl vmx est tm2 ssse3 fma cx16 xtpr pdcm pcid sse4_1 sse4_2 movbe popcnt tsc_deadline_timer aes xsave avx f16c rdrand lahf_lm abm ida arat epb xsaveopt pln pts dtherm tpr_shadow vnmi flexpriority ept vpid fsgsbase tsc_adjust bmi1 avx2 smep bmi2 erms invpcid
bogomips	: 4789.26
clflush size	: 64
cache_alignment	: 64
address sizes	: 39 bits physical, 48 bits virtual
power management:

processor	: 2
vendor_id	: GenuineIntel
cpu family	: 6
model		: 60
model name	: Intel(R) Core(TM) i7-4700MQ CPU @ 2.40GHz
stepping	: 3
microcode	: 0x16
cpu MHz		: 800.000
cache size	: 6144 KB
physical id	: 0
siblings	: 8
core id		: 1
cpu cores	: 4
apicid		: 2
initial apicid	: 2
fpu		: yes
fpu_exception	: yes
cpuid level	: 13
wp		: yes
flags		: fpu vme de pse tsc msr pae mce cx8 apic sep mtrr pge mca cmov pat pse36 clflush dts acpi mmx fxsr sse sse2 ss ht tm pbe syscall nx pdpe1gb rdtscp lm constant_tsc arch_perfmon pebs bts rep_good nopl xtopology nonstop_tsc aperfmperf eagerfpu pni pclmulqdq dtes64 monitor ds_cpl vmx est tm2 ssse3 fma cx16 xtpr pdcm pcid sse4_1 sse4_2 movbe popcnt tsc_deadline_timer aes xsave avx f16c rdrand lahf_lm abm ida arat epb xsaveopt pln pts dtherm tpr_shadow vnmi flexpriority ept vpid fsgsbase tsc_adjust bmi1 avx2 smep bmi2 erms invpcid
bogomips	: 4789.26
clflush size	: 64
cache_alignment	: 64
address sizes	: 39 bits physical, 48 bits virtual
power management:

processor	: 3
vendor_id	: GenuineIntel
cpu family	: 6
model		: 60
model name	: Intel(R) Core(TM) i7-4700MQ CPU @ 2.40GHz
stepping	: 3
microcode	: 0x16
cpu MHz		: 800.000
cache size	: 6144 KB
physical id	: 0
siblings	: 8
core id		: 1
cpu cores	: 4
apicid		: 3
initial apicid	: 3
fpu		: yes
fpu_exception	: yes
cpuid level	: 13
wp		: yes
flags		: fpu vme de pse tsc msr pae mce cx8 apic sep mtrr pge mca cmov pat pse36 clflush dts acpi mmx fxsr sse sse2 ss ht tm pbe syscall nx pdpe1gb rdtscp lm constant_tsc arch_perfmon pebs bts rep_good nopl xtopology nonstop_tsc aperfmperf eagerfpu pni pclmulqdq dtes64 monitor ds_cpl vmx est tm2 ssse3 fma cx16 xtpr pdcm pcid sse4_1 sse4_2 movbe popcnt tsc_deadline_timer aes xsave avx f16c rdrand lahf_lm abm ida arat epb xsaveopt pln pts dtherm tpr_shadow vnmi flexpriority ept vpid fsgsbase tsc_adjust bmi1 avx2 smep bmi2 erms invpcid
bogomips	: 4789.26
clflush size	: 64
cache_alignment	: 64
address sizes	: 39 bits physical, 48 bits virtual
power management:

processor	: 4
vendor_id	: GenuineIntel
cpu family	: 6
model		: 60
model name	: Intel(R) Core(TM) i7-4700MQ CPU @ 2.40GHz
stepping	: 3
microcode	: 0x16
cpu MHz		: 800.000
cache size	: 6144 KB
physical id	: 0
siblings	: 8
core id		: 2
cpu cores	: 4
apicid		: 4
initial apicid	: 4
fpu		: yes
fpu_exception	: yes
cpuid level	: 13
wp		: yes
flags		: fpu vme de pse tsc msr pae mce cx8 apic sep mtrr pge mca cmov pat pse36 clflush dts acpi mmx fxsr sse sse2 ss ht tm pbe syscall nx pdpe1gb rdtscp lm constant_tsc arch_perfmon pebs bts rep_good nopl xtopology nonstop_tsc aperfmperf eagerfpu pni pclmulqdq dtes64 monitor ds_cpl vmx est tm2 ssse3 fma cx16 xtpr pdcm pcid sse4_1 sse4_2 movbe popcnt tsc_deadline_timer aes xsave avx f16c rdrand lahf_lm abm ida arat epb xsaveopt pln pts dtherm tpr_shadow vnmi flexpriority ept vpid fsgsbase tsc_adjust bmi1 avx2 smep bmi2 erms invpcid
bogomips	: 4789.26
clflush size	: 64
cache_alignment	: 64
address sizes	: 39 bits physical, 48 bits virtual
power management:

processor	: 5
vendor_id	: GenuineIntel
cpu family	: 6
model		: 60
model name	: Intel(R) Core(TM) i7-4700MQ CPU @ 2.40GHz
stepping	: 3
microcode	: 0x16
cpu MHz		: 800.000
cache size	: 6144 KB
physical id	: 0
siblings	: 8
core id		: 2
cpu cores	: 4
apicid		: 5
initial apicid	: 5
fpu		: yes
fpu_exception	: yes
cpuid level	: 13
wp		: yes
flags		: fpu vme de pse tsc msr pae mce cx8 apic sep mtrr pge mca cmov pat pse36 clflush dts acpi mmx fxsr sse sse2 ss ht tm pbe syscall nx pdpe1gb rdtscp lm constant_tsc arch_perfmon pebs bts rep_good nopl xtopology nonstop_tsc aperfmperf eagerfpu pni pclmulqdq dtes64 monitor ds_cpl vmx est tm2 ssse3 fma cx16 xtpr pdcm pcid sse4_1 sse4_2 movbe popcnt tsc_deadline_timer aes xsave avx f16c rdrand lahf_lm abm ida arat epb xsaveopt pln pts dtherm tpr_shadow vnmi flexpriority ept vpid fsgsbase tsc_adjust bmi1 avx2 smep bmi2 erms invpcid
bogomips	: 4789.26
clflush size	: 64
cache_alignment	: 64
address sizes	: 39 bits physical, 48 bits virtual
power management:

processor	: 6
vendor_id	: GenuineIntel
cpu family	: 6
model		: 60
model name	: Intel(R) Core(TM) i7-4700MQ CPU @ 2.40GHz
stepping	: 3
microcode	: 0x16
cpu MHz		: 800.000
cache size	: 6144 KB
physical id	: 0
siblings	: 8
core id		: 3
cpu cores	: 4
apicid		: 6
initial apicid	: 6
fpu		: yes
fpu_exception	: yes
cpuid level	: 13
wp		: yes
flags		: fpu vme de pse tsc msr pae mce cx8 apic sep mtrr pge mca cmov pat pse36 clflush dts acpi mmx fxsr sse sse2 ss ht tm pbe syscall nx pdpe1gb rdtscp lm constant_tsc arch_perfmon pebs bts rep_good nopl xtopology nonstop_tsc aperfmperf eagerfpu pni pclmulqdq dtes64 monitor ds_cpl vmx est tm2 ssse3 fma cx16 xtpr pdcm pcid sse4_1 sse4_2 movbe popcnt tsc_deadline_timer aes xsave avx f16c rdrand lahf_lm abm ida arat epb xsaveopt pln pts dtherm tpr_shadow vnmi flexpriority ept vpid fsgsbase tsc_adjust bmi1 avx2 smep bmi2 erms invpcid
bogomips	: 4789.26
clflush size	: 64
cache_alignment	: 64
address sizes	: 39 bits physical, 48 bits virtual
power management:

processor	: 7
vendor_id	: GenuineIntel
cpu family	: 6
model		: 60
model name	: Intel(R) Core(TM) i7-4700MQ CPU @ 2.40GHz
stepping	: 3
microcode	: 0x16
cpu MHz		: 2401.000
cache size	: 6144 KB
physical id	: 0
siblings	: 8
core id		: 3
cpu cores	: 4
apicid		: 7
initial apicid	: 7
fpu		: yes
fpu_exception	: yes
cpuid level	: 13
wp		: yes
flags		: fpu vme de pse tsc msr pae mce cx8 apic sep mtrr pge mca cmov pat pse36 clflush dts acpi mmx fxsr sse sse2 ss ht tm pbe syscall nx pdpe1gb rdtscp lm constant_tsc arch_perfmon pebs bts rep_good nopl xtopology nonstop_tsc aperfmperf eagerfpu pni pclmulqdq dtes64 monitor ds_cpl vmx est tm2 ssse3 fma cx16 xtpr pdcm pcid sse4_1 sse4_2 movbe popcnt tsc_deadline_timer aes xsave avx f16c rdrand lahf_lm abm ida arat epb xsaveopt pln pts dtherm tpr_shadow vnmi flexpriority ept vpid fsgsbase tsc_adjust bmi1 avx2 smep bmi2 erms invpcid
bogomips	: 4789.26
clflush size	: 64
cache_alignment	: 64
address sizes	: 39 bits physical, 48 bits virtual
power management:



Memory: 4k page, physical 32886004k(27826756k free), swap 33491964k(33491964k free)

vm_info: Java HotSpot(TM) 64-Bit Server VM (25.45-b02) for linux-amd64 JRE (1.8.0_45-b14), built on Apr 10 2015 10:07:45 by "java_re" with gcc 4.3.0 20080428 (Red Hat 4.3.0-8)

time: Thu Jun 25 21:19:28 2015
elapsed time: 0 seconds (0d 0h 0m 0s)

